Using pre-set license
Built from '2021.3/staging' branch; Version is '2021.3.18f1 (3129e69bc0c7) revision 3221990'; Using compiler version '192829333'; Build Type 'Release'
OS: 'Windows 10  (10.0.19044) 64bit Core' Language: 'en' Physical Memory: 65458 MB
BatchMode: 1, IsHumanControllingUs: 0, StartBugReporterOnCrash: 0, Is64bit: 1, IsPro: 1

COMMAND LINE ARGUMENTS:
C:\Program Files\Unity\Hub\Editor\2021.3.18f1\Editor\Unity.exe
-adb2
-batchMode
-noUpm
-name
AssetImportWorker2
-projectPath
C:/Users/adenr/My project (1)
-logFile
Logs/AssetImportWorker2.log
-srvPort
60196
Successfully changed project path to: C:/Users/adenr/My project (1)
C:/Users/adenr/My project (1)
[UnityMemory] Configuration Parameters - Can be set up in boot.config
    "memorysetup-bucket-allocator-granularity=16"
    "memorysetup-bucket-allocator-bucket-count=8"
    "memorysetup-bucket-allocator-block-size=33554432"
    "memorysetup-bucket-allocator-block-count=8"
    "memorysetup-main-allocator-block-size=16777216"
    "memorysetup-thread-allocator-block-size=16777216"
    "memorysetup-gfx-main-allocator-block-size=16777216"
    "memorysetup-gfx-thread-allocator-block-size=16777216"
    "memorysetup-cache-allocator-block-size=4194304"
    "memorysetup-typetree-allocator-block-size=2097152"
    "memorysetup-profiler-bucket-allocator-granularity=16"
    "memorysetup-profiler-bucket-allocator-bucket-count=8"
    "memorysetup-profiler-bucket-allocator-block-size=33554432"
    "memorysetup-profiler-bucket-allocator-block-count=8"
    "memorysetup-profiler-allocator-block-size=16777216"
    "memorysetup-profiler-editor-allocator-block-size=1048576"
    "memorysetup-temp-allocator-size-main=16777216"
    "memorysetup-job-temp-allocator-block-size=2097152"
    "memorysetup-job-temp-allocator-block-size-background=1048576"
    "memorysetup-job-temp-allocator-reduction-small-platforms=262144"
    "memorysetup-temp-allocator-size-background-worker=32768"
    "memorysetup-temp-allocator-size-job-worker=262144"
    "memorysetup-temp-allocator-size-preload-manager=33554432"
    "memorysetup-temp-allocator-size-nav-mesh-worker=65536"
    "memorysetup-temp-allocator-size-audio-worker=65536"
    "memorysetup-temp-allocator-size-cloud-worker=32768"
    "memorysetup-temp-allocator-size-gi-baking-worker=262144"
    "memorysetup-temp-allocator-size-gfx=262144"
Player connection [40648] Host "[IP] 25.12.177.164 [Port] 0 [Flags] 2 [Guid] 591875989 [EditorId] 591875989 [Version] 1048832 [Id] WindowsEditor(7,DESKTOP-4G3HOQK) [Debug] 1 [PackageName] WindowsEditor [ProjectName] Editor" joined multi-casting on [225.0.0.222:54997]...

Player connection [40648] Host "[IP] 25.12.177.164 [Port] 0 [Flags] 2 [Guid] 591875989 [EditorId] 591875989 [Version] 1048832 [Id] WindowsEditor(7,DESKTOP-4G3HOQK) [Debug] 1 [PackageName] WindowsEditor [ProjectName] Editor" joined alternative multi-casting on [225.0.0.222:34997]...

Refreshing native plugins compatible for Editor in 73.21 ms, found 3 plugins.
Preloading 0 native plugins for Editor in 0.00 ms.
Initialize engine version: 2021.3.18f1 (3129e69bc0c7)
[Subsystems] Discovering subsystems at path C:/Program Files/Unity/Hub/Editor/2021.3.18f1/Editor/Data/Resources/UnitySubsystems
[Subsystems] Discovering subsystems at path C:/Users/adenr/My project (1)/Assets
GfxDevice: creating device client; threaded=0; jobified=0
Direct3D:
    Version:  Direct3D 11.0 [level 11.1]
    Renderer: NVIDIA GeForce RTX 3080 (ID=0x2206)
    Vendor:   NVIDIA
    VRAM:     10078 MB
    Driver:   27.21.14.6647
Initialize mono
Mono path[0] = 'C:/Program Files/Unity/Hub/Editor/2021.3.18f1/Editor/Data/Managed'
Mono path[1] = 'C:/Program Files/Unity/Hub/Editor/2021.3.18f1/Editor/Data/MonoBleedingEdge/lib/mono/unityjit-win32'
Mono config path = 'C:/Program Files/Unity/Hub/Editor/2021.3.18f1/Editor/Data/MonoBleedingEdge/etc'
Using monoOptions --debugger-agent=transport=dt_socket,embedding=1,server=y,suspend=n,address=127.0.0.1:56132
Begin MonoManager ReloadAssembly
Registering precompiled unity dll's ...
Register platform support module: C:/Program Files/Unity/Hub/Editor/2021.3.18f1/Editor/Data/PlaybackEngines/WebGLSupport/UnityEditor.WebGL.Extensions.dll
Register platform support module: C:/Program Files/Unity/Hub/Editor/2021.3.18f1/Editor/Data/PlaybackEngines/WindowsStandaloneSupport/UnityEditor.WindowsStandalone.Extensions.dll
Registered in 0.008629 seconds.
Native extension for WindowsStandalone target not found
Native extension for WebGL target not found
Refreshing native plugins compatible for Editor in 66.19 ms, found 3 plugins.
Preloading 0 native plugins for Editor in 0.00 ms.
Mono: successfully reloaded assembly
- Completed reload, in  0.566 seconds
Domain Reload Profiling:
	ReloadAssembly (566ms)
		BeginReloadAssembly (70ms)
			ExecutionOrderSort (0ms)
			DisableScriptedObjects (0ms)
			BackupInstance (0ms)
			ReleaseScriptingObjects (0ms)
			CreateAndSetChildDomain (1ms)
		EndReloadAssembly (394ms)
			LoadAssemblies (67ms)
			RebuildTransferFunctionScriptingTraits (0ms)
			SetupTypeCache (90ms)
			ReleaseScriptCaches (0ms)
			RebuildScriptCaches (24ms)
			SetupLoadedEditorAssemblies (236ms)
				LogAssemblyErrors (0ms)
				InitializePlatformSupportModulesInManaged (8ms)
				SetLoadedEditorAssemblies (0ms)
				RefreshPlugins (66ms)
				BeforeProcessingInitializeOnLoad (1ms)
				ProcessInitializeOnLoadAttributes (120ms)
				ProcessInitializeOnLoadMethodAttributes (40ms)
				AfterProcessingInitializeOnLoad (0ms)
				EditorAssembliesLoaded (0ms)
			ExecutionOrderSort2 (0ms)
			AwakeInstancesAfterBackupRestoration (0ms)
Platform modules already initialized, skipping
Registering precompiled user dll's ...
Registered in 0.006011 seconds.
Begin MonoManager ReloadAssembly
Symbol file LoadedFromMemory doesn't match image C:\Users\adenr\My project (1)\Library\PackageCache\com.unity.visualscripting@1.8.0\Editor\VisualScripting.Core\Dependencies\YamlDotNet\Unity.VisualScripting.YamlDotNet.dll
Symbol file LoadedFromMemory doesn't match image C:\Users\adenr\My project (1)\Library\PackageCache\com.unity.visualscripting@1.8.0\Editor\VisualScripting.Core\Dependencies\DotNetZip\Unity.VisualScripting.IonicZip.dll
Native extension for WindowsStandalone target not found
Native extension for WebGL target not found
Refreshing native plugins compatible for Editor in 0.42 ms, found 3 plugins.
Preloading 0 native plugins for Editor in 0.00 ms.
Mono: successfully reloaded assembly
- Completed reload, in  0.858 seconds
Domain Reload Profiling:
	ReloadAssembly (859ms)
		BeginReloadAssembly (96ms)
			ExecutionOrderSort (0ms)
			DisableScriptedObjects (5ms)
			BackupInstance (0ms)
			ReleaseScriptingObjects (0ms)
			CreateAndSetChildDomain (16ms)
		EndReloadAssembly (661ms)
			LoadAssemblies (75ms)
			RebuildTransferFunctionScriptingTraits (0ms)
			SetupTypeCache (228ms)
			ReleaseScriptCaches (1ms)
			RebuildScriptCaches (42ms)
			SetupLoadedEditorAssemblies (289ms)
				LogAssemblyErrors (0ms)
				InitializePlatformSupportModulesInManaged (7ms)
				SetLoadedEditorAssemblies (0ms)
				RefreshPlugins (0ms)
				BeforeProcessingInitializeOnLoad (76ms)
				ProcessInitializeOnLoadAttributes (181ms)
				ProcessInitializeOnLoadMethodAttributes (15ms)
				AfterProcessingInitializeOnLoad (10ms)
				EditorAssembliesLoaded (0ms)
			ExecutionOrderSort2 (0ms)
			AwakeInstancesAfterBackupRestoration (4ms)
Platform modules already initialized, skipping
========================================================================
Worker process is ready to serve import requests
Launched and connected shader compiler UnityShaderCompiler.exe after 0.04 seconds
Refreshing native plugins compatible for Editor in 0.44 ms, found 3 plugins.
Preloading 0 native plugins for Editor in 0.00 ms.
Unloading 3068 Unused Serialized files (Serialized files now loaded: 0)
Unloading 26 unused Assets / (113.4 KB). Loaded Objects now: 3528.
Memory consumption went from 108.2 MB to 108.0 MB.
Total: 2.369000 ms (FindLiveObjects: 0.223300 ms CreateObjectMapping: 0.175200 ms MarkObjects: 1.890300 ms  DeleteObjects: 0.079400 ms)

AssetImportParameters requested are different than current active one (requested -> active):
  custom:video-decoder-ogg-theora: a1e56fd34408186e4bbccfd4996cb3dc -> 
  custom:container-muxer-webm: aa71ff27fc2769a1b78a27578f13a17b -> 
  custom:container-demuxer-webm: 4f35f7cbe854078d1ac9338744f61a02 -> 
  custom:video-encoder-webm-vp8: eb34c28f22e8b96e1ab97ce403110664 -> 
  custom:audio-encoder-webm-vorbis: bf7c407c2cedff20999df2af8eb42d56 -> 
  custom:framework-win-MediaFoundation: 216162199b28c13a410421893ffa2e32 -> 
  custom:container-demuxer-ogg: 62fdf1f143b41e24485cea50d1cbac27 -> 
  custom:video-decoder-webm-vp8: 9c59270c3fd7afecdb556c50c9e8de78 -> 
  custom:audio-decoder-ogg-vorbis: bf7c407c2cedff20999df2af8eb42d56 -> 
========================================================================
Received Prepare
Refreshing native plugins compatible for Editor in 3.27 ms, found 3 plugins.
Preloading 0 native plugins for Editor in 0.00 ms.
Unloading 19 Unused Serialized files (Serialized files now loaded: 0)
Unloading 19 unused Assets / (77.1 KB). Loaded Objects now: 3528.
Memory consumption went from 46.9 MB to 46.8 MB.
Total: 3.802500 ms (FindLiveObjects: 0.232200 ms CreateObjectMapping: 0.165600 ms MarkObjects: 3.345200 ms  DeleteObjects: 0.059000 ms)

AssetImportParameters requested are different than current active one (requested -> active):
  custom:video-decoder-ogg-theora: a1e56fd34408186e4bbccfd4996cb3dc -> 
  custom:container-muxer-webm: aa71ff27fc2769a1b78a27578f13a17b -> 
  custom:container-demuxer-webm: 4f35f7cbe854078d1ac9338744f61a02 -> 
  custom:video-encoder-webm-vp8: eb34c28f22e8b96e1ab97ce403110664 -> 
  custom:audio-encoder-webm-vorbis: bf7c407c2cedff20999df2af8eb42d56 -> 
  custom:framework-win-MediaFoundation: 216162199b28c13a410421893ffa2e32 -> 
  custom:SearchIndexIgnoredProperties: e643bd26f0fe6173181afceb89e7c659 -> 
  custom:container-demuxer-ogg: 62fdf1f143b41e24485cea50d1cbac27 -> 
  custom:video-decoder-webm-vp8: 9c59270c3fd7afecdb556c50c9e8de78 -> 
  custom:audio-decoder-ogg-vorbis: bf7c407c2cedff20999df2af8eb42d56 -> 
========================================================================
Received Prepare
Registering precompiled user dll's ...
Registered in 0.006100 seconds.
Begin MonoManager ReloadAssembly
Symbol file LoadedFromMemory doesn't match image C:\Users\adenr\My project (1)\Library\PackageCache\com.unity.visualscripting@1.8.0\Editor\VisualScripting.Core\Dependencies\YamlDotNet\Unity.VisualScripting.YamlDotNet.dll
Symbol file LoadedFromMemory doesn't match image C:\Users\adenr\My project (1)\Library\PackageCache\com.unity.visualscripting@1.8.0\Editor\VisualScripting.Core\Dependencies\DotNetZip\Unity.VisualScripting.IonicZip.dll
Native extension for WindowsStandalone target not found
Native extension for WebGL target not found
Refreshing native plugins compatible for Editor in 0.52 ms, found 3 plugins.
Preloading 0 native plugins for Editor in 0.00 ms.
[ScriptCompilation] NOT recompiling all scripts because this is an import worker process. Reason to compile was: Define symbols changed
Mono: successfully reloaded assembly
- Completed reload, in  0.967 seconds
Domain Reload Profiling:
	ReloadAssembly (968ms)
		BeginReloadAssembly (117ms)
			ExecutionOrderSort (0ms)
			DisableScriptedObjects (5ms)
			BackupInstance (0ms)
			ReleaseScriptingObjects (0ms)
			CreateAndSetChildDomain (28ms)
		EndReloadAssembly (765ms)
			LoadAssemblies (74ms)
			RebuildTransferFunctionScriptingTraits (0ms)
			SetupTypeCache (229ms)
			ReleaseScriptCaches (1ms)
			RebuildScriptCaches (34ms)
			SetupLoadedEditorAssemblies (398ms)
				LogAssemblyErrors (0ms)
				InitializePlatformSupportModulesInManaged (13ms)
				SetLoadedEditorAssemblies (0ms)
				RefreshPlugins (1ms)
				BeforeProcessingInitializeOnLoad (58ms)
				ProcessInitializeOnLoadAttributes (303ms)
				ProcessInitializeOnLoadMethodAttributes (14ms)
				AfterProcessingInitializeOnLoad (8ms)
				EditorAssembliesLoaded (0ms)
			ExecutionOrderSort2 (0ms)
			AwakeInstancesAfterBackupRestoration (4ms)
Platform modules already initialized, skipping
Refreshing native plugins compatible for Editor in 2.95 ms, found 3 plugins.
Preloading 0 native plugins for Editor in 0.00 ms.
Unloading 3185 Unused Serialized files (Serialized files now loaded: 0)
Unloading 26 unused Assets / (79.9 KB). Loaded Objects now: 3646.
Memory consumption went from 111.6 MB to 111.5 MB.
Total: 2.528800 ms (FindLiveObjects: 0.225700 ms CreateObjectMapping: 0.157700 ms MarkObjects: 2.077900 ms  DeleteObjects: 0.066700 ms)

AssetImportParameters requested are different than current active one (requested -> active):
  custom:video-decoder-ogg-theora: a1e56fd34408186e4bbccfd4996cb3dc -> 
  custom:container-muxer-webm: aa71ff27fc2769a1b78a27578f13a17b -> 
  custom:container-demuxer-webm: 4f35f7cbe854078d1ac9338744f61a02 -> 
  custom:video-encoder-webm-vp8: eb34c28f22e8b96e1ab97ce403110664 -> 
  custom:audio-encoder-webm-vorbis: bf7c407c2cedff20999df2af8eb42d56 -> 
  custom:framework-win-MediaFoundation: 216162199b28c13a410421893ffa2e32 -> 
  custom:SearchIndexIgnoredProperties: e643bd26f0fe6173181afceb89e7c659 -> 
  custom:container-demuxer-ogg: 62fdf1f143b41e24485cea50d1cbac27 -> 
  custom:video-decoder-webm-vp8: 9c59270c3fd7afecdb556c50c9e8de78 -> 
  custom:audio-decoder-ogg-vorbis: bf7c407c2cedff20999df2af8eb42d56 -> 
========================================================================
Received Prepare
Registering precompiled user dll's ...
Registered in 0.006010 seconds.
Begin MonoManager ReloadAssembly
Symbol file LoadedFromMemory doesn't match image C:\Users\adenr\My project (1)\Library\PackageCache\com.unity.visualscripting@1.8.0\Editor\VisualScripting.Core\Dependencies\YamlDotNet\Unity.VisualScripting.YamlDotNet.dll
Symbol file LoadedFromMemory doesn't match image C:\Users\adenr\My project (1)\Library\PackageCache\com.unity.visualscripting@1.8.0\Editor\VisualScripting.Core\Dependencies\DotNetZip\Unity.VisualScripting.IonicZip.dll
Native extension for WindowsStandalone target not found
Native extension for WebGL target not found
Refreshing native plugins compatible for Editor in 0.57 ms, found 3 plugins.
Preloading 0 native plugins for Editor in 0.00 ms.
Could not serialize the object to a file: System.IO.IOException: Sharing violation on path C:\Users\adenr\AppData\LocalLow\DefaultCompany\My project (1)\crosstales.cfg
  at System.IO.FileStream..ctor (System.String path, System.IO.FileMode mode, System.IO.FileAccess access, System.IO.FileShare share, System.Int32 bufferSize, System.Boolean anonymous, System.IO.FileOptions options) [0x0019e] in <1f66344f2f89470293d8b67d71308c07>:0 
  at System.IO.FileStream..ctor (System.String path, System.IO.FileMode mode, System.IO.FileAccess access, System.IO.FileShare share, System.Int32 bufferSize, System.IO.FileOptions options) [0x00000] in <1f66344f2f89470293d8b67d71308c07>:0 
  at (wrapper remoting-invoke-with-check) System.IO.FileStream..ctor(string,System.IO.FileMode,System.IO.FileAccess,System.IO.FileShare,int,System.IO.FileOptions)
  at System.IO.StreamWriter..ctor (System.String path, System.Boolean append, System.Text.Encoding encoding, System.Int32 bufferSize) [0x00055] in <1f66344f2f89470293d8b67d71308c07>:0 
  at System.IO.StreamWriter..ctor (System.String path) [0x00008] in <1f66344f2f89470293d8b67d71308c07>:0 
  at (wrapper remoting-invoke-with-check) System.IO.StreamWriter..ctor(string)
  at System.IO.File.WriteAllText (System.String path, System.String contents) [0x00026] in <1f66344f2f89470293d8b67d71308c07>:0 
  at Crosstales.Common.Util.XmlHelper.SerializeToFile[T] (T obj, System.String filename) [0x00022] in C:\Users\adenr\My project (1)\Assets\Plugins\crosstales\Common\Scripts\Util\XmlHelper.cs:22 
UnityEngine.StackTraceUtility:ExtractStackTrace ()
UnityEngine.DebugLogHandler:LogFormat (UnityEngine.LogType,UnityEngine.Object,string,object[])
UnityEngine.Logger:Log (UnityEngine.LogType,object)
UnityEngine.Debug:LogError (object)
Crosstales.Common.Util.XmlHelper:SerializeToFile<Crosstales.Common.Util.SerializableDictionary`2<string, string>> (Crosstales.Common.Util.SerializableDictionary`2<string, string>,string) (at Assets/Plugins/crosstales/Common/Scripts/Util/XmlHelper.cs:26)
Crosstales.Common.Util.CTPlayerPrefs:Save () (at Assets/Plugins/crosstales/Common/Scripts/Util/CTPlayerPrefs.cs:68)
Crosstales.RTVoice.EditorUtil.EditorConfig:initAssetPath () (at Assets/Plugins/crosstales/RTVoice/Editor/Util/EditorConfig.cs:145)
Crosstales.RTVoice.EditorUtil.EditorConfig:Load () (at Assets/Plugins/crosstales/RTVoice/Editor/Util/EditorConfig.cs:85)
Crosstales.RTVoice.EditorUtil.EditorConfig:.cctor () (at Assets/Plugins/crosstales/RTVoice/Editor/Util/EditorConfig.cs:38)
System.Runtime.CompilerServices.RuntimeHelpers:RunClassConstructor (System.RuntimeTypeHandle)
UnityEditor.EditorAssemblies:ProcessInitializeOnLoadAttributes (System.Type[])

(Filename: Assets/Plugins/crosstales/Common/Scripts/Util/XmlHelper.cs Line: 26)

Mono: successfully reloaded assembly
- Completed reload, in  0.911 seconds
Domain Reload Profiling:
	ReloadAssembly (911ms)
		BeginReloadAssembly (114ms)
			ExecutionOrderSort (0ms)
			DisableScriptedObjects (4ms)
			BackupInstance (0ms)
			ReleaseScriptingObjects (0ms)
			CreateAndSetChildDomain (27ms)
		EndReloadAssembly (712ms)
			LoadAssemblies (72ms)
			RebuildTransferFunctionScriptingTraits (0ms)
			SetupTypeCache (223ms)
			ReleaseScriptCaches (1ms)
			RebuildScriptCaches (33ms)
			SetupLoadedEditorAssemblies (355ms)
				LogAssemblyErrors (0ms)
				InitializePlatformSupportModulesInManaged (13ms)
				SetLoadedEditorAssemblies (0ms)
				RefreshPlugins (1ms)
				BeforeProcessingInitializeOnLoad (57ms)
				ProcessInitializeOnLoadAttributes (259ms)
				ProcessInitializeOnLoadMethodAttributes (16ms)
				AfterProcessingInitializeOnLoad (9ms)
				EditorAssembliesLoaded (0ms)
			ExecutionOrderSort2 (0ms)
			AwakeInstancesAfterBackupRestoration (4ms)
Platform modules already initialized, skipping
Refreshing native plugins compatible for Editor in 1.98 ms, found 3 plugins.
Preloading 0 native plugins for Editor in 0.00 ms.
Unloading 3185 Unused Serialized files (Serialized files now loaded: 0)
Unloading 26 unused Assets / (79.9 KB). Loaded Objects now: 3649.
Memory consumption went from 111.7 MB to 111.6 MB.
Total: 3.013700 ms (FindLiveObjects: 0.249400 ms CreateObjectMapping: 0.251600 ms MarkObjects: 2.430300 ms  DeleteObjects: 0.081500 ms)

AssetImportParameters requested are different than current active one (requested -> active):
  custom:video-decoder-ogg-theora: a1e56fd34408186e4bbccfd4996cb3dc -> 
  custom:container-muxer-webm: aa71ff27fc2769a1b78a27578f13a17b -> 
  custom:container-demuxer-webm: 4f35f7cbe854078d1ac9338744f61a02 -> 
  custom:video-encoder-webm-vp8: eb34c28f22e8b96e1ab97ce403110664 -> 
  custom:audio-encoder-webm-vorbis: bf7c407c2cedff20999df2af8eb42d56 -> 
  custom:framework-win-MediaFoundation: 216162199b28c13a410421893ffa2e32 -> 
  custom:SearchIndexIgnoredProperties: e643bd26f0fe6173181afceb89e7c659 -> 
  custom:container-demuxer-ogg: 62fdf1f143b41e24485cea50d1cbac27 -> 
  custom:video-decoder-webm-vp8: 9c59270c3fd7afecdb556c50c9e8de78 -> 
  custom:audio-decoder-ogg-vorbis: bf7c407c2cedff20999df2af8eb42d56 -> 
========================================================================
Received Import Request.
  Time since last request: 1505754.695529 seconds.
  path: Assets/Plugins/crosstales/RTVoice/Demo/Audio/Ouch.wav
  artifactKey: Guid(b68806a7724b64141bde8f1be4fd3b3f) Importer(815301076,1909f56bfc062723c751e8b465ee728b)
Start importing Assets/Plugins/crosstales/RTVoice/Demo/Audio/Ouch.wav using Guid(b68806a7724b64141bde8f1be4fd3b3f) Importer(815301076,1909f56bfc062723c751e8b465ee728b)  -> (artifact id: '47c8aa3db01b8d66fa107afa5a6db5ce') in 0.087610 seconds 
========================================================================
Received Import Request.
  Time since last request: 3.482422 seconds.
  path: Assets/Plugins/crosstales/RTVoice/Demo/Prefabs/AudioFilterPanel.prefab
  artifactKey: Guid(12b77cc958964b945867d0f23894f033) Importer(815301076,1909f56bfc062723c751e8b465ee728b)
Start importing Assets/Plugins/crosstales/RTVoice/Demo/Prefabs/AudioFilterPanel.prefab using Guid(12b77cc958964b945867d0f23894f033) Importer(815301076,1909f56bfc062723c751e8b465ee728b)  -> (artifact id: '6f6e89d9f5707f0b6bd067292dd1dec0') in 0.030451 seconds 
========================================================================
Received Import Request.
  Time since last request: 0.005435 seconds.
  path: Assets/Plugins/crosstales/RTVoice/Demo/Prefabs/PanelNoVoices.prefab
  artifactKey: Guid(a3688edfb70952446b46dd12a2f0e924) Importer(815301076,1909f56bfc062723c751e8b465ee728b)
Start importing Assets/Plugins/crosstales/RTVoice/Demo/Prefabs/PanelNoVoices.prefab using Guid(a3688edfb70952446b46dd12a2f0e924) Importer(815301076,1909f56bfc062723c751e8b465ee728b)  -> (artifact id: '684bf9834e007ce7d039467a26fddc25') in 0.008734 seconds 
========================================================================
Received Import Request.
  Time since last request: 0.000020 seconds.
  path: Assets/Plugins/crosstales/RTVoice/Demo/Prefabs/Sequencer.prefab
  artifactKey: Guid(ff1686e02fdf7bf45bc73c69153de567) Importer(815301076,1909f56bfc062723c751e8b465ee728b)
Start importing Assets/Plugins/crosstales/RTVoice/Demo/Prefabs/Sequencer.prefab using Guid(ff1686e02fdf7bf45bc73c69153de567) Importer(815301076,1909f56bfc062723c751e8b465ee728b)  -> (artifact id: '6d9e495ed25fa88255bd30edfa06e7fb') in 0.008029 seconds 
========================================================================
Received Import Request.
  Time since last request: 0.000025 seconds.
  path: Assets/Plugins/crosstales/RTVoice/Demo/Prefabs/WindowSpectrum.prefab
  artifactKey: Guid(e040b1eef482de34a905b6221897065c) Importer(815301076,1909f56bfc062723c751e8b465ee728b)
Start importing Assets/Plugins/crosstales/RTVoice/Demo/Prefabs/WindowSpectrum.prefab using Guid(e040b1eef482de34a905b6221897065c) Importer(815301076,1909f56bfc062723c751e8b465ee728b)  -> (artifact id: 'dae6d2c3b00e81fb1dcbab7cc8971e80') in 0.012688 seconds 
========================================================================
Received Import Request.
  Time since last request: 0.000015 seconds.
  path: Assets/Plugins/crosstales/RTVoice/Demo/Prefabs/TextFileSpeaker.prefab
  artifactKey: Guid(17e24a346b4083440ad677a902544d7b) Importer(815301076,1909f56bfc062723c751e8b465ee728b)
Start importing Assets/Plugins/crosstales/RTVoice/Demo/Prefabs/TextFileSpeaker.prefab using Guid(17e24a346b4083440ad677a902544d7b) Importer(815301076,1909f56bfc062723c751e8b465ee728b)  -> (artifact id: '1709442547ec17067c566491199095d1') in 0.007039 seconds 
========================================================================
Received Import Request.
  Time since last request: 0.000014 seconds.
  path: Assets/Plugins/crosstales/RTVoice/Demo/Prefabs/WindowSettingsPersonA.prefab
  artifactKey: Guid(6212c863bd21c7442b815085dc31ae8f) Importer(815301076,1909f56bfc062723c751e8b465ee728b)
Start importing Assets/Plugins/crosstales/RTVoice/Demo/Prefabs/WindowSettingsPersonA.prefab using Guid(6212c863bd21c7442b815085dc31ae8f) Importer(815301076,1909f56bfc062723c751e8b465ee728b)  -> (artifact id: '9ed6b9a1ab60e5f5dcddcfd3f5294a5c') in 0.011076 seconds 
========================================================================
Received Import Request.
  Time since last request: 0.000015 seconds.
  path: Assets/Plugins/crosstales/RTVoice/Demo/Prefabs/PersonB.mat
  artifactKey: Guid(26202efd39f2be74abf15c724d6c6be8) Importer(815301076,1909f56bfc062723c751e8b465ee728b)
Start importing Assets/Plugins/crosstales/RTVoice/Demo/Prefabs/PersonB.mat using Guid(26202efd39f2be74abf15c724d6c6be8) Importer(815301076,1909f56bfc062723c751e8b465ee728b)  -> (artifact id: 'a9e611e9fb22332d2244805e96751e4c') in 0.109404 seconds 
========================================================================
Received Import Request.
  Time since last request: 0.000013 seconds.
  path: Assets/Plugins/crosstales/RTVoice/Demo/Prefabs/SpeakerA.prefab
  artifactKey: Guid(bd3c11809d1ea15448535b43d3d83623) Importer(815301076,1909f56bfc062723c751e8b465ee728b)
Start importing Assets/Plugins/crosstales/RTVoice/Demo/Prefabs/SpeakerA.prefab using Guid(bd3c11809d1ea15448535b43d3d83623) Importer(815301076,1909f56bfc062723c751e8b465ee728b)  -> (artifact id: '6ad2da9ce0adcdd20bf7f6dd42eb688b') in 0.036134 seconds 
========================================================================
Received Import Request.
  Time since last request: 0.000015 seconds.
  path: Assets/Plugins/crosstales/RTVoice/Demo/Prefabs/SpeechText.prefab
  artifactKey: Guid(a47ed752b2ec8c940b396a8985500182) Importer(815301076,1909f56bfc062723c751e8b465ee728b)
Start importing Assets/Plugins/crosstales/RTVoice/Demo/Prefabs/SpeechText.prefab using Guid(a47ed752b2ec8c940b396a8985500182) Importer(815301076,1909f56bfc062723c751e8b465ee728b)  -> (artifact id: '5e89e5596807d6a5bc37e5110e644585') in 0.006871 seconds 
========================================================================
Received Import Request.
  Time since last request: 0.000020 seconds.
  path: Assets/Plugins/crosstales/RTVoice/Demo/Prefabs/Playground.prefab
  artifactKey: Guid(d83afe26a29436240ae5bab7aac1b812) Importer(815301076,1909f56bfc062723c751e8b465ee728b)
Start importing Assets/Plugins/crosstales/RTVoice/Demo/Prefabs/Playground.prefab using Guid(d83afe26a29436240ae5bab7aac1b812) Importer(815301076,1909f56bfc062723c751e8b465ee728b)  -> (artifact id: '3d470dd5f691383b5e53b5a08b509fcb') in 0.035594 seconds 
========================================================================
Received Import Request.
  Time since last request: 0.000015 seconds.
  path: Assets/Plugins/crosstales/RTVoice/Demo/Prefabs/WindowSettings.prefab
  artifactKey: Guid(62ae40a40f942fb4ba12e8e66cb02a16) Importer(815301076,1909f56bfc062723c751e8b465ee728b)
Start importing Assets/Plugins/crosstales/RTVoice/Demo/Prefabs/WindowSettings.prefab using Guid(62ae40a40f942fb4ba12e8e66cb02a16) Importer(815301076,1909f56bfc062723c751e8b465ee728b)  -> (artifact id: 'dd87cacee3d176cc64b9c03f9eecb13c') in 0.013361 seconds 
========================================================================
Received Import Request.
  Time since last request: 0.000019 seconds.
  path: Assets/Plugins/crosstales/RTVoice/Demo/Prefabs/VisualsB.prefab
  artifactKey: Guid(978579b69af643341b696b8493a1ce3d) Importer(815301076,1909f56bfc062723c751e8b465ee728b)
Start importing Assets/Plugins/crosstales/RTVoice/Demo/Prefabs/VisualsB.prefab using Guid(978579b69af643341b696b8493a1ce3d) Importer(815301076,1909f56bfc062723c751e8b465ee728b)  -> (artifact id: 'b43911984ed67cd99e4f299b6efdd677') in 0.007192 seconds 
========================================================================
Received Import Request.
  Time since last request: 0.000016 seconds.
  path: Assets/Plugins/crosstales/RTVoice/Demo/Prefabs/VisualCubePersonA.prefab
  artifactKey: Guid(d6795ed4150a5354d8f9512b08c1fb56) Importer(815301076,1909f56bfc062723c751e8b465ee728b)
Start importing Assets/Plugins/crosstales/RTVoice/Demo/Prefabs/VisualCubePersonA.prefab using Guid(d6795ed4150a5354d8f9512b08c1fb56) Importer(815301076,1909f56bfc062723c751e8b465ee728b)  -> (artifact id: 'e0df0e79434e44a600354c1b07f903f7') in 0.010517 seconds 
========================================================================
Received Import Request.
  Time since last request: 0.000014 seconds.
  path: Assets/Plugins/crosstales/RTVoice/Demo/Prefabs/ButtonStart.prefab
  artifactKey: Guid(2b83ce24d4b588e4fa6bb807791aaeae) Importer(815301076,1909f56bfc062723c751e8b465ee728b)
Start importing Assets/Plugins/crosstales/RTVoice/Demo/Prefabs/ButtonStart.prefab using Guid(2b83ce24d4b588e4fa6bb807791aaeae) Importer(815301076,1909f56bfc062723c751e8b465ee728b)  -> (artifact id: '379228d9de4aa012483e17f3fa61b1da') in 0.007658 seconds 
========================================================================
Received Import Request.
  Time since last request: 0.000015 seconds.
  path: Assets/Plugins/crosstales/RTVoice/Demo/Prefabs/ButtonVoice.prefab
  artifactKey: Guid(76ee4c38c0218c7418e302ca1b8a0e39) Importer(815301076,1909f56bfc062723c751e8b465ee728b)
Start importing Assets/Plugins/crosstales/RTVoice/Demo/Prefabs/ButtonVoice.prefab using Guid(76ee4c38c0218c7418e302ca1b8a0e39) Importer(815301076,1909f56bfc062723c751e8b465ee728b)  -> (artifact id: '1153eff087358ad0604860201b2e8686') in 0.007036 seconds 
Editor requested this worker to shutdown with reason: Scaling down because of idle timeout
AssetImportWorker is now disconnected from the server
Process exiting
Exiting without the bug reporter. Application will terminate with return code 0